[10:17:22] [User Authenticator #18/INFO]: UUID of player BasisZock is 704953f3-2073-487e-937d-8fd144ae194d
[10:17:22] [Server thread/INFO]: Chicken | BasisZock joined the game
[10:17:22] [Server thread/INFO]: BasisZock[/91.17.13.184:59689] logged in with entity id 312167 at ([25_08]9377.75524201807, -30.0, 4475.218897601808)
[10:26:14] [Server thread/INFO]: BasisZock lost connection: Kicked for exceeding packet rate limit
[10:26:14] [Server thread/INFO]: Chicken | BasisZock left the game
[10:26:15] [User Authenticator #19/INFO]: UUID of player BasisZock is 704953f3-2073-487e-937d-8fd144ae194d
[10:26:15] [Server thread/INFO]: Chicken | BasisZock joined the game
[10:26:15] [Server thread/INFO]: BasisZock[/91.17.13.184:59789] logged in with entity id 318611 at ([25_08]9389.775396604344, -4.781461085832251, 4519.490492483117)
[10:45:14] [Server thread/INFO]: BasisZock lost connection: Disconnected
[10:45:14] [Server thread/INFO]: Chicken | BasisZock left the game
[11:49:26] [User Authenticator #20/INFO]: UUID of player BasisZock is 704953f3-2073-487e-937d-8fd144ae194d
[11:49:26] [Server thread/INFO]: Chicken | BasisZock joined the game
[11:49:26] [Server thread/INFO]: BasisZock[/91.17.13.184:50722] logged in with entity id 335749 at ([25_08]9545.27041314535, 64.0, 4441.424970300028)
[12:12:13] [Server thread/INFO]: BasisZock lost connection: Kicked for exceeding packet rate limit
[12:12:13] [Server thread/INFO]: Chicken | BasisZock left the game
[12:12:15] [User Authenticator #21/INFO]: UUID of player BasisZock is 704953f3-2073-487e-937d-8fd144ae194d
[12:12:15] [Server thread/INFO]: Chicken | BasisZock joined the game
[12:12:15] [Server thread/INFO]: BasisZock[/91.17.13.184:51371] logged in with entity id 346963 at ([25_08]9214.47924472607, -19.63446831559112, 4541.0369099103955)
[12:13:04] [Server thread/INFO]: BasisZock lost connection: Kicked for exceeding packet rate limit
[12:13:04] [Server thread/INFO]: Chicken | BasisZock left the game
[12:13:05] [User Authenticator #21/INFO]: UUID of player BasisZock is 704953f3-2073-487e-937d-8fd144ae194d
[12:13:05] [Server thread/INFO]: Chicken | BasisZock joined the game
[12:13:05] [Server thread/INFO]: BasisZock[/91.17.13.184:51377] logged in with entity id 348182 at ([25_08]9202.244545904648, -15.225599227595445, 4516.356389274171)
[12:13:07] [Server thread/INFO]: BasisZock lost connection: Kicked for exceeding packet rate limit
[12:13:07] [Server thread/INFO]: Chicken | BasisZock left the game
[12:13:27] [User Authenticator #21/INFO]: UUID of player BasisZock is 704953f3-2073-487e-937d-8fd144ae194d
[12:13:27] [Server thread/INFO]: Chicken | BasisZock joined the game
[12:13:27] [Server thread/INFO]: BasisZock[/91.17.13.184:51411] logged in with entity id 348307 at ([25_08]9202.162948715455, -16.0, 4516.300000011921)
[12:19:48] [Server thread/INFO]: BasisZock lost connection: Kicked for exceeding packet rate limit
[12:19:48] [Server thread/INFO]: Chicken | BasisZock left the game
[12:19:50] [User Authenticator #22/INFO]: UUID of player BasisZock is 704953f3-2073-487e-937d-8fd144ae194d
[12:19:50] [Server thread/INFO]: Chicken | BasisZock joined the game
[12:19:50] [Server thread/INFO]: BasisZock[/91.17.13.184:51454] logged in with entity id 352272 at ([25_08]9228.167389074235, -13.992116065080708, 4472.851942439819)
[12:25:52] [Server thread/INFO]: BasisZock lost connection: Kicked for exceeding packet rate limit
[12:25:52] [Server thread/INFO]: Chicken | BasisZock left the game
[12:25:53] [User Authenticator #23/INFO]: UUID of player BasisZock is 704953f3-2073-487e-937d-8fd144ae194d
[12:25:53] [Server thread/INFO]: Chicken | BasisZock joined the game
[12:25:53] [Server thread/INFO]: BasisZock[/91.17.13.184:51503] logged in with entity id 356113 at ([25_08]9271.512633041764, -21.436520457055817, 4643.129215127148)
[12:25:55] [Server thread/INFO]: BasisZock lost connection: Kicked for exceeding packet rate limit
[12:25:55] [Server thread/INFO]: Chicken | BasisZock left the game
[12:26:32] [User Authenticator #23/INFO]: UUID of player BasisZock is 704953f3-2073-487e-937d-8fd144ae194d
[12:26:32] [Server thread/INFO]: Chicken | BasisZock joined the game
[12:26:32] [Server thread/INFO]: BasisZock[/91.17.13.184:51554] logged in with entity id 356303 at ([25_08]9272.084233421572, -23.52731733026251, 4642.94566533505)
[12:26:33] [Server thread/INFO]: BasisZock lost connection: Kicked for exceeding packet rate limit
[12:26:33] [Server thread/INFO]: Chicken | BasisZock left the game
[12:27:04] [User Authenticator #23/INFO]: UUID of player BasisZock is 704953f3-2073-487e-937d-8fd144ae194d
[12:27:04] [Server thread/INFO]: Chicken | BasisZock joined the game
[12:27:04] [Server thread/INFO]: BasisZock[/91.17.13.184:51579] logged in with entity id 356541 at ([25_08]9272.248880778006, -24.501871515041316, 4642.463763096773)
[12:32:30] [Server thread/INFO]: BasisZock lost connection: Kicked for exceeding packet rate limit
[12:32:30] [Server thread/INFO]: Chicken | BasisZock left the game
[12:32:31] [User Authenticator #24/INFO]: UUID of player BasisZock is 704953f3-2073-487e-937d-8fd144ae194d
[12:32:31] [Server thread/INFO]: Chicken | BasisZock joined the game
[12:32:31] [Server thread/INFO]: BasisZock[/91.17.13.184:51615] logged in with entity id 361765 at ([25_08]9280.783065724423, -19.963146421042612, 4615.699999988079)
[15:21:01] [Server thread/WARN]: BasisZock moved wrongly!
[16:09:02] [Server thread/INFO]: BasisZock lost connection: Kicked for exceeding packet rate limit
[16:09:02] [Server thread/INFO]: Chicken | BasisZock left the game
[16:09:03] [User Authenticator #25/INFO]: UUID of player BasisZock is 704953f3-2073-487e-937d-8fd144ae194d
[16:09:03] [Server thread/INFO]: Chicken | BasisZock joined the game
[16:09:03] [Server thread/INFO]: BasisZock[/91.17.13.184:62017] logged in with entity id 431186 at ([25_08]9414.474132801877, -16.393796690863933, 4809.438451708871)
[18:40:20] [User Authenticator #26/INFO]: UUID of player General_Pieps is 550137d8-83f4-4956-9be5-a9ff6bcaeb9c
[18:40:20] [Server thread/INFO]: Kgr. Piepsland | General_Pieps joined the game
[18:40:20] [Server thread/INFO]: General_Pieps[/2.203.183.134:52493] logged in with entity id 470416 at ([25_08]-730.6097590534807, 100.0, -1423.3555246556377)
[18:45:24] [User Authenticator #27/INFO]: UUID of player moerggo is 5c165624-e65b-4653-ade9-710b26282c42
[18:45:24] [Server thread/INFO]: Kgr. Tillmann | moerggo joined the game
[18:45:24] [Server thread/INFO]: moerggo[/77.13.125.192:64433] logged in with entity id 473261 at ([25_08]-783.8372076499727, 70.0, -1399.3794502234616)
[18:45:32] [Server thread/INFO]: com.mojang.authlib.GameProfile@51e7969c[id=<null>,name=Random_der_dude,properties={},legacy=false] (/77.23.253.119:19972) lost connection: Disconnected
[18:45:38] [User Authenticator #27/INFO]: UUID of player Random_der_dude is 53b68284-38b7-4a5f-92a9-af941230cda5
[18:45:38] [Server thread/INFO]: Kgr. Piepsland | Random_der_dude joined the game
[18:45:38] [Server thread/INFO]: Random_der_dude[/77.23.253.119:20018] logged in with entity id 473793 at ([25_08]-1122.699999988079, 109.0, -1472.6166767962159)
[18:47:05] [Server thread/INFO]: Villager EntityVillager['Librarian'/474417, uuid='261222df-a3f2-419a-98a3-2fe1268415cc', l='ServerLevel[25_08]', x=-2716.70, y=67.00, z=-151.70, cpos=[-170, -10], tl=1929377, v=true] died, message: 'Librarian was slain by Zombie Villager'
[18:48:32] [Server thread/INFO]: moerggo issued server command: /gamemode spectator
[18:48:50] [Server thread/INFO]: moerggo issued server command: /gamemode survival
[18:55:38] [Server thread/INFO]: moerggo issued server command: /gamemode creative
[18:55:42] [Server thread/INFO]: moerggo issued server command: /gamemode survival
[19:02:13] [Server thread/INFO]: Random_der_dude lost connection: Disconnected
[19:02:14] [Server thread/INFO]: Kgr. Piepsland | Random_der_dude left the game
[19:02:46] [User Authenticator #28/INFO]: UUID of player Random_der_dude is 53b68284-38b7-4a5f-92a9-af941230cda5
[19:02:46] [Server thread/INFO]: Kgr. Piepsland | Random_der_dude joined the game
[19:02:46] [Server thread/INFO]: Random_der_dude[/77.23.253.119:64225] logged in with entity id 483491 at ([25_08]-1013.1187121855173, 80.0, -1380.9801372796358)
[19:06:41] [Server thread/INFO]: BasisZock lost connection: Kicked for exceeding packet rate limit
[19:06:41] [Server thread/INFO]: Chicken | BasisZock left the game
[19:06:46] [User Authenticator #29/INFO]: UUID of player BasisZock is 704953f3-2073-487e-937d-8fd144ae194d
[19:06:46] [Server thread/INFO]: Chicken | BasisZock joined the game
[19:06:46] [Server thread/INFO]: BasisZock[/91.17.13.184:53606] logged in with entity id 485773 at ([25_08]9606.302357318116, 46.0, 4499.345276028035)
[19:06:51] [Server thread/INFO]: BasisZock lost connection: Kicked for exceeding packet rate limit
[19:06:51] [Server thread/INFO]: Chicken | BasisZock left the game
[19:06:56] [User Authenticator #29/INFO]: UUID of player BasisZock is 704953f3-2073-487e-937d-8fd144ae194d
[19:06:56] [Server thread/INFO]: Chicken | BasisZock joined the game
[19:06:56] [Server thread/INFO]: BasisZock[/91.17.13.184:53609] logged in with entity id 486198 at ([25_08]9606.302357318116, 46.0, 4499.345276028035)
[19:10:45] [Async Chat Thread - #34/INFO]: <Random_der_dude> zzzzz
[19:10:53] [Server thread/INFO]: Random_der_dude lost connection: Disconnected
[19:10:53] [Server thread/INFO]: Kgr. Piepsland | Random_der_dude left the game
[19:12:06] [User Authenticator #30/INFO]: UUID of player Random_der_dude is 53b68284-38b7-4a5f-92a9-af941230cda5
[19:12:06] [Server thread/INFO]: Kgr. Piepsland | Random_der_dude joined the game
[19:12:06] [Server thread/INFO]: Random_der_dude[/77.23.253.119:64239] logged in with entity id 490440 at ([25_08]-1017.5, 81.0, -1370.5)
[19:12:26] [Server thread/INFO]: Random_der_dude lost connection: Disconnected
[19:12:26] [Server thread/INFO]: Kgr. Piepsland | Random_der_dude left the game
[19:12:36] [User Authenticator #30/INFO]: UUID of player Random_der_dude is 53b68284-38b7-4a5f-92a9-af941230cda5
[19:12:36] [Server thread/INFO]: Kgr. Piepsland | Random_der_dude joined the game
[19:12:36] [Server thread/INFO]: Random_der_dude[/77.23.253.119:64286] logged in with entity id 490712 at ([25_08]-1016.000941198608, 82.0, -1369.6247718659808)
[19:14:52] [Server thread/WARN]: General_Pieps moved too quickly! -11.000028191075103,0.6815583980583142,-0.3296032280102281
[19:17:37] [Server thread/INFO]: General_Pieps lost connection: Disconnected
[19:17:37] [Server thread/INFO]: Kgr. Piepsland | General_Pieps left the game
[19:17:42] [Server thread/WARN]: BasisZock moved wrongly!
[19:18:13] [User Authenticator #31/INFO]: UUID of player klule is ce6bf4d9-0af8-4749-96f8-94fc7b832581
[19:18:13] [Server thread/INFO]: Kgr. Tillmann | klule joined the game
[19:18:13] [Server thread/INFO]: klule[/2.207.59.22:52312] logged in with entity id 494052 at ([25_08]-937.8667124032819, 88.5, -1445.054174229178)
[19:19:28] [Server thread/INFO]: moerggo lost connection: Disconnected
[19:19:28] [Server thread/INFO]: Kgr. Tillmann | moerggo left the game
[19:20:31] [User Authenticator #32/INFO]: UUID of player General_Pieps is 550137d8-83f4-4956-9be5-a9ff6bcaeb9c
[19:20:31] [Server thread/INFO]: Kgr. Piepsland | General_Pieps joined the game
[19:20:31] [Server thread/INFO]: General_Pieps[/2.203.183.134:52762] logged in with entity id 495576 at ([25_08]-726.7097893502453, 100.0, -1411.6795016253634)
[19:21:50] [Server thread/INFO]: Random_der_dude lost connection: Disconnected
[19:21:50] [Server thread/INFO]: Kgr. Piepsland | Random_der_dude left the game
[19:28:49] [User Authenticator #33/INFO]: UUID of player Random_der_dude is 53b68284-38b7-4a5f-92a9-af941230cda5
[19:28:49] [Server thread/INFO]: Kgr. Piepsland | Random_der_dude joined the game
[19:28:49] [Server thread/INFO]: Random_der_dude[/77.23.253.119:64314] logged in with entity id 499098 at ([25_08]-1016.5633491252022, 81.0, -1376.8426273126433)
[19:30:18] [Server thread/INFO]: Random_der_dude lost connection: Disconnected
[19:30:18] [Server thread/INFO]: Kgr. Piepsland | Random_der_dude left the game
[19:30:36] [User Authenticator #34/INFO]: UUID of player Random_der_dude is 53b68284-38b7-4a5f-92a9-af941230cda5
[19:30:36] [Server thread/INFO]: Kgr. Piepsland | Random_der_dude joined the game
[19:30:36] [Server thread/INFO]: Random_der_dude[/77.23.253.119:64224] logged in with entity id 499741 at ([25_08]-889.7289073319555, 93.21379023381847, -1420.1664452529574)
[19:30:56] [Server thread/INFO]: Random_der_dude lost connection: Disconnected
[19:30:57] [Server thread/INFO]: Kgr. Piepsland | Random_der_dude left the game
[19:30:58] [User Authenticator #34/INFO]: UUID of player Ichbineindino is c5f53328-7f2d-4304-9463-98030257358f
[19:30:58] [Server thread/INFO]: The new Order | Ichbineindino joined the game
[19:30:58] [Server thread/INFO]: Ichbineindino[/89.245.249.64:55072] logged in with entity id 499890 at ([25_08]-2645.379021463028, 64.0, -175.59234593336544)
[19:30:59] [User Authenticator #34/INFO]: UUID of player Random_der_dude is 53b68284-38b7-4a5f-92a9-af941230cda5
[19:30:59] [Server thread/INFO]: Kgr. Piepsland | Random_der_dude joined the game
[19:30:59] [Server thread/INFO]: Random_der_dude[/77.23.253.119:64249] logged in with entity id 500050 at ([25_08]-925.2814651019909, 88.0, -1447.762499988079)
[19:31:20] [Server thread/INFO]: klule lost connection: Disconnected
[19:31:20] [Server thread/INFO]: Kgr. Tillmann | klule left the game
[19:32:52] [User Authenticator #35/INFO]: UUID of player moerggo is 5c165624-e65b-4653-ade9-710b26282c42
[19:32:52] [Server thread/INFO]: Kgr. Tillmann | moerggo joined the game
[19:32:52] [Server thread/INFO]: moerggo[/77.13.125.192:61145] logged in with entity id 501412 at ([25_08]-804.87133745496, 79.0, -1388.7506156339914)
[19:34:17] [Server thread/INFO]: Random_der_dude lost connection: Disconnected
[19:34:17] [Server thread/INFO]: Kgr. Piepsland | Random_der_dude left the game
[19:34:38] [Server thread/INFO]: BasisZock lost connection: Disconnected
[19:34:38] [Server thread/INFO]: Chicken | BasisZock left the game
[19:34:45] [Server thread/INFO]: moerggo lost connection: Disconnected
[19:34:45] [Server thread/INFO]: Kgr. Tillmann | moerggo left the game
[19:35:36] [User Authenticator #36/INFO]: UUID of player BasisZock is 704953f3-2073-487e-937d-8fd144ae194d
[19:35:36] [Server thread/INFO]: Chicken | BasisZock joined the game
[19:35:36] [Server thread/INFO]: BasisZock[/91.17.13.184:53849] logged in with entity id 505428 at ([25_08]9623.865433762636, 65.0, 4502.262590967357)
[19:37:07] [Server thread/INFO]: General_Pieps lost connection: Disconnected
[19:37:07] [Server thread/INFO]: Kgr. Piepsland | General_Pieps left the game
[19:42:32] [Server thread/INFO]: BasisZock lost connection: Disconnected
[19:42:32] [Server thread/INFO]: Chicken | BasisZock left the game
[19:49:55] [User Authenticator #37/INFO]: UUID of player Random_der_dude is 53b68284-38b7-4a5f-92a9-af941230cda5
[19:49:55] [Server thread/INFO]: Kgr. Piepsland | Random_der_dude joined the game
[19:49:55] [Server thread/INFO]: Random_der_dude[/77.23.253.119:64266] logged in with entity id 521358 at ([25_08]-745.616929432391, 100.0, -1417.7743494496697)
[19:50:31] [Server thread/INFO]: Random_der_dude lost connection: Disconnected
[19:50:31] [Server thread/INFO]: Kgr. Piepsland | Random_der_dude left the game
[19:51:32] [User Authenticator #38/INFO]: UUID of player Random_der_dude is 53b68284-38b7-4a5f-92a9-af941230cda5
[19:51:32] [Server thread/INFO]: Kgr. Piepsland | Random_der_dude joined the game
[19:51:32] [Server thread/INFO]: Random_der_dude[/77.23.253.119:64240] logged in with entity id 522085 at ([25_08]-745.616929432391, 100.0, -1417.7743494496697)
[19:51:42] [User Authenticator #38/INFO]: UUID of player General_Pieps is 550137d8-83f4-4956-9be5-a9ff6bcaeb9c
[19:51:42] [Server thread/INFO]: Kgr. Piepsland | General_Pieps joined the game
[19:51:42] [Server thread/INFO]: General_Pieps[/2.203.183.134:53135] logged in with entity id 522346 at ([25_08]-684.0029513835525, 100.0, -1422.9948974279382)
[19:52:27] [Server thread/INFO]: Kgr. Piepsland | General_Pieps was blown up by Creeper
[19:53:35] [Server thread/INFO]: General_Pieps issued server command: /scoreboard objectives modify Tode displayname 3
[19:54:15] [Server thread/INFO]: General_Pieps issued server command: /scoreboard players operation General_Pieps Tode = 3
[19:54:20] [Server thread/INFO]: General_Pieps lost connection: Disconnected
[19:54:20] [Server thread/INFO]: Kgr. Piepsland | General_Pieps left the game
[19:54:24] [User Authenticator #39/INFO]: UUID of player General_Pieps is 550137d8-83f4-4956-9be5-a9ff6bcaeb9c
[19:54:24] [Server thread/INFO]: Kgr. Piepsland | General_Pieps joined the game
[19:54:24] [Server thread/INFO]: General_Pieps[/2.203.183.134:53148] logged in with entity id 523954 at ([25_08]-726.9822320181588, 100.0, -1422.7586097650856)
[19:58:01] [Server thread/INFO]: General_Pieps lost connection: Disconnected
[19:58:01] [Server thread/INFO]: Kgr. Piepsland | General_Pieps left the game
[19:58:33] [User Authenticator #40/INFO]: UUID of player General_Pieps is 550137d8-83f4-4956-9be5-a9ff6bcaeb9c
[19:58:33] [Server thread/INFO]: Kgr. Piepsland | General_Pieps joined the game
[19:58:33] [Server thread/INFO]: General_Pieps[/2.203.183.134:53263] logged in with entity id 525969 at ([25_08]-727.0750512636102, 100.0, -1440.644737766719)
[19:58:40] [User Authenticator #40/INFO]: UUID of player BasisZock is 704953f3-2073-487e-937d-8fd144ae194d
[19:58:40] [Server thread/INFO]: Chicken | BasisZock joined the game
[19:58:40] [Server thread/INFO]: BasisZock[/91.17.13.184:62681] logged in with entity id 526009 at ([25_08]8639.742137191515, 61.0, 3791.648619957697)
[19:59:05] [Server thread/INFO]: General_Pieps issued server command: /scoreboard players set General_Pieps Tode 3
[20:01:12] [Server thread/INFO]: BasisZock issued server command: /msg General_Pieps warum hast du deine tode geändert?
[20:01:42] [Server thread/INFO]: BasisZock issued server command: /msg General_Pieps bist du sus?
[20:01:47] [Server thread/INFO]: General_Pieps issued server command: /msg BasisZock jo hatte irwie 10 sekunden standbild und war dann eif tot
[20:02:27] [Server thread/INFO]: BasisZock issued server command: /msg General_Pieps ja ich bin 2 mal auch unfair gestorben weil ein gewisser fion gegen die regeln versoßen hat, und ich habe es nicht geändert
[20:03:14] [Server thread/INFO]: General_Pieps issued server command: /msg BasisZock wenn du dadurch gestorben bist dass er gegen die regeln verstoßen hat dann kannst dus auch machen
[20:03:31] [Server thread/INFO]: General_Pieps issued server command: /msg BasisZock is ja dann deine entscheidung
[20:03:41] [Server thread/INFO]: General_Pieps lost connection: Disconnected
[20:03:41] [Server thread/INFO]: Kgr. Piepsland | General_Pieps left the game
[20:05:59] [Server thread/INFO]: BasisZock lost connection: Kicked for exceeding packet rate limit
[20:05:59] [Server thread/INFO]: Chicken | BasisZock left the game
[20:06:00] [User Authenticator #41/INFO]: UUID of player BasisZock is 704953f3-2073-487e-937d-8fd144ae194d
[20:06:00] [Server thread/INFO]: Chicken | BasisZock joined the game
[20:06:00] [Server thread/INFO]: BasisZock[/91.17.13.184:62745] logged in with entity id 534851 at ([25_08]8584.886224920563, 60.33088254276428, 3815.300000011921)
[20:08:02] [User Authenticator #42/INFO]: UUID of player Pringelchen is 93d28b2b-079e-460b-9d49-bc4cce812077
[20:08:02] [Server thread/INFO]: San Euthymia | Pringelchen joined the game
[20:08:02] [Server thread/INFO]: Pringelchen[/95.90.175.214:35907] logged in with entity id 538142 at ([25_08]-303.2550144213465, 152.0, -1582.3769978415573)
[20:09:15] [Server thread/INFO]: BasisZock lost connection: Kicked for exceeding packet rate limit
[20:09:15] [Server thread/INFO]: Chicken | BasisZock left the game
[20:09:16] [User Authenticator #43/INFO]: UUID of player BasisZock is 704953f3-2073-487e-937d-8fd144ae194d
[20:09:16] [Server thread/INFO]: Chicken | BasisZock joined the game
[20:09:16] [Server thread/INFO]: BasisZock[/91.17.13.184:62760] logged in with entity id 542023 at ([25_08]8566.678412829495, 65.23164491174936, 3806.5018447697003)
[20:09:23] [Server thread/INFO]: BasisZock lost connection: Kicked for exceeding packet rate limit
[20:09:23] [Server thread/INFO]: Chicken | BasisZock left the game
[20:09:24] [User Authenticator #43/INFO]: UUID of player BasisZock is 704953f3-2073-487e-937d-8fd144ae194d
[20:09:24] [Server thread/INFO]: Chicken | BasisZock joined the game
[20:09:24] [Server thread/INFO]: BasisZock[/91.17.13.184:62763] logged in with entity id 542770 at ([25_08]8551.932958800517, 60.231523797587016, 3809.924685755763)
[20:12:10] [Server thread/INFO]: Pringelchen lost connection: Disconnected
[20:12:10] [Server thread/INFO]: San Euthymia | Pringelchen left the game
[20:28:18] [Server thread/WARN]: BasisZock moved wrongly!
[20:28:39] [Server thread/INFO]: Random_der_dude lost connection: Disconnected
[20:28:39] [Server thread/INFO]: Kgr. Piepsland | Random_der_dude left the game
[20:29:15] [Server thread/INFO]: BasisZock lost connection: Disconnected
[20:29:15] [Server thread/INFO]: Chicken | BasisZock left the game
[20:29:24] [User Authenticator #44/INFO]: UUID of player Annhilati is d0dfb0e8-fd78-471e-a566-a4ad2d404594
[20:29:24] [Server thread/INFO]: San Euthymia | Annhilati joined the game
[20:29:24] [Server thread/INFO]: Annhilati[/83.135.9.1:36650] logged in with entity id 575541 at ([25_08_the_end]-1148.4629447703398, 97.24214593471737, 1230.9888735327888)
[20:29:37] [Server thread/INFO]: Annhilati issued server command: /tp Ichbineindino
[20:30:01] [Server thread/INFO]: Annhilati issued server command: /tp ^1 ^ ^
[20:30:08] [Server thread/INFO]: Annhilati issued server command: /tp ^ ^ ^1
[20:30:19] [Server thread/INFO]: Annhilati issued server command: /tp ^ ^ ^2660
[20:31:03] [Server thread/INFO]: Annhilati issued server command: /gamemode survival
[20:34:58] [User Authenticator #45/INFO]: UUID of player Random_der_dude is 53b68284-38b7-4a5f-92a9-af941230cda5
[20:34:58] [Server thread/INFO]: Kgr. Piepsland | Random_der_dude joined the game
[20:34:58] [Server thread/INFO]: Random_der_dude[/77.23.253.119:64232] logged in with entity id 578497 at ([25_08]-1007.4749787318573, 64.0, -1409.9793386327578)
[20:35:00] [User Authenticator #45/INFO]: UUID of player BasisZock is 704953f3-2073-487e-937d-8fd144ae194d
[20:35:00] [Server thread/INFO]: Chicken | BasisZock joined the game
[20:35:00] [Server thread/INFO]: BasisZock[/91.17.13.184:62990] logged in with entity id 578689 at ([25_08]9615.96661330532, 64.0, 4494.821181870984)
[20:35:44] [Async Chat Thread - #51/INFO]: <Annhilati> zzz
[20:35:50] [Async Chat Thread - #52/INFO]: <BasisZock> zzzzzz
[20:36:54] [Server thread/INFO]: Annhilati lost connection: Disconnected
[20:36:54] [Server thread/INFO]: San Euthymia | Annhilati left the game
[20:38:20] [Server thread/INFO]: BasisZock issued server command: /gamemode spectator
